WARNING: All log messages before absl::InitializeLog() is called are written to STDERR
I0000 00:00:1782073884.902748   25572 port.cc:153] oneDNN custom operations are on. You may see slightly different numerical results due to floating-point round-off errors from different computation orders. To turn them off, set the environment variable `TF_ENABLE_ONEDNN_OPTS=0`.
WARNING: All log messages before absl::InitializeLog() is called are written to STDERR
I0000 00:00:1782073887.117973   25572 port.cc:153] oneDNN custom operations are on. You may see slightly different numerical results due to floating-point round-off errors from different computation orders. To turn them off, set the environment variable `TF_ENABLE_ONEDNN_OPTS=0`.
I0000 00:00:1782073889.131572   25572 cpu_feature_guard.cc:227] This TensorFlow binary is optimized to use available CPU instructions in performance-critical operations.
To enable the following instructions: SSE3 SSE4.1 SSE4.2 AVX AVX2 FMA, in other operations, rebuild TensorFlow with the appropriate compiler flags.
WARNING:tensorflow:From C:\EEG-ATCNet-main\.venv\lib\site-packages\keras\src\backend\tensorflow\core.py:232: The name tf.placeholder is deprecated. Please use tf.compat.v1.placeholder instead.

WARNING:tensorflow:TensorFlow GPU support is not available on native Windows for TensorFlow >= 2.11. Even if CUDA/cuDNN are installed, GPU will not be used. Please use WSL2 or the TensorFlow-DirectML plugin.

########################################################################
# SCHEME: binary
########################################################################
Loading Bonn data (segment-level split, then windowing)...
  train (2240, 1, 1, 1024) | val (560, 1, 1, 1024) | test (700, 1, 1, 1024)
  classes: ['Non-seizure', 'Seizure'] | seizure class index: 1

============================================================
Training binary/ATCNet
============================================================
Epoch 1/150
35/35 - 26s - 749ms/step - accuracy: 0.9536 - loss: 10.8476 - val_accuracy: 0.8000 - val_loss: 9.6976 - learning_rate: 0.0010
Epoch 2/150
35/35 - 3s - 98ms/step - accuracy: 0.9866 - loss: 7.8825 - val_accuracy: 0.8000 - val_loss: 7.3229 - learning_rate: 0.0010
Epoch 3/150
35/35 - 4s - 109ms/step - accuracy: 0.9862 - loss: 5.8480 - val_accuracy: 0.8000 - val_loss: 5.5273 - learning_rate: 0.0010
Epoch 4/150
35/35 - 4s - 106ms/step - accuracy: 0.9862 - loss: 4.3349 - val_accuracy: 0.8000 - val_loss: 4.2105 - learning_rate: 0.0010
Epoch 5/150
35/35 - 4s - 109ms/step - accuracy: 0.9857 - loss: 3.2209 - val_accuracy: 0.8000 - val_loss: 3.2333 - learning_rate: 0.0010
Epoch 6/150
35/35 - 4s - 122ms/step - accuracy: 0.9857 - loss: 2.3835 - val_accuracy: 0.8018 - val_loss: 2.5079 - learning_rate: 0.0010
Epoch 7/150
35/35 - 5s - 140ms/step - accuracy: 0.9862 - loss: 1.7625 - val_accuracy: 0.8054 - val_loss: 1.9233 - learning_rate: 0.0010
Epoch 8/150
35/35 - 5s - 138ms/step - accuracy: 0.9888 - loss: 1.2938 - val_accuracy: 0.8071 - val_loss: 1.4995 - learning_rate: 0.0010
Epoch 9/150
35/35 - 5s - 135ms/step - accuracy: 0.9871 - loss: 0.9554 - val_accuracy: 0.8339 - val_loss: 1.1722 - learning_rate: 0.0010
Epoch 10/150
35/35 - 5s - 133ms/step - accuracy: 0.9875 - loss: 0.7058 - val_accuracy: 0.8804 - val_loss: 0.9220 - learning_rate: 0.0010
Epoch 11/150
35/35 - 5s - 138ms/step - accuracy: 0.9897 - loss: 0.5259 - val_accuracy: 0.8964 - val_loss: 0.7365 - learning_rate: 0.0010
Epoch 12/150
35/35 - 5s - 136ms/step - accuracy: 0.9920 - loss: 0.3968 - val_accuracy: 0.9071 - val_loss: 0.6085 - learning_rate: 0.0010
Epoch 13/150
35/35 - 4s - 123ms/step - accuracy: 0.9906 - loss: 0.3036 - val_accuracy: 0.9089 - val_loss: 0.5109 - learning_rate: 0.0010
Epoch 14/150
35/35 - 4s - 126ms/step - accuracy: 0.9888 - loss: 0.2436 - val_accuracy: 0.9143 - val_loss: 0.4348 - learning_rate: 0.0010
Epoch 15/150
35/35 - 5s - 131ms/step - accuracy: 0.9893 - loss: 0.2023 - val_accuracy: 0.9232 - val_loss: 0.3716 - learning_rate: 0.0010
Epoch 16/150
35/35 - 5s - 132ms/step - accuracy: 0.9902 - loss: 0.1713 - val_accuracy: 0.9321 - val_loss: 0.3152 - learning_rate: 0.0010
Epoch 17/150
35/35 - 4s - 126ms/step - accuracy: 0.9897 - loss: 0.1525 - val_accuracy: 0.9429 - val_loss: 0.2879 - learning_rate: 0.0010
Epoch 18/150
35/35 - 4s - 122ms/step - accuracy: 0.9862 - loss: 0.1425 - val_accuracy: 0.9500 - val_loss: 0.2448 - learning_rate: 0.0010
Epoch 19/150
35/35 - 4s - 122ms/step - accuracy: 0.9906 - loss: 0.1268 - val_accuracy: 0.9625 - val_loss: 0.1992 - learning_rate: 0.0010
Epoch 20/150
35/35 - 4s - 124ms/step - accuracy: 0.9888 - loss: 0.1193 - val_accuracy: 0.9661 - val_loss: 0.1830 - learning_rate: 0.0010
Epoch 21/150
35/35 - 4s - 111ms/step - accuracy: 0.9893 - loss: 0.1099 - val_accuracy: 0.9589 - val_loss: 0.1922 - learning_rate: 0.0010
Epoch 22/150
35/35 - 4s - 125ms/step - accuracy: 0.9902 - loss: 0.1055 - val_accuracy: 0.9589 - val_loss: 0.1938 - learning_rate: 0.0010
Epoch 23/150
35/35 - 4s - 118ms/step - accuracy: 0.9893 - loss: 0.1073 - val_accuracy: 0.9643 - val_loss: 0.1736 - learning_rate: 0.0010
Epoch 24/150
35/35 - 4s - 119ms/step - accuracy: 0.9893 - loss: 0.1052 - val_accuracy: 0.9589 - val_loss: 0.1887 - learning_rate: 0.0010
Epoch 25/150
35/35 - 4s - 118ms/step - accuracy: 0.9871 - loss: 0.1008 - val_accuracy: 0.9661 - val_loss: 0.1538 - learning_rate: 0.0010
Epoch 26/150
35/35 - 4s - 115ms/step - accuracy: 0.9902 - loss: 0.0952 - val_accuracy: 0.9661 - val_loss: 0.1627 - learning_rate: 0.0010
Epoch 27/150
35/35 - 4s - 127ms/step - accuracy: 0.9884 - loss: 0.0940 - val_accuracy: 0.9714 - val_loss: 0.1434 - learning_rate: 0.0010
Epoch 28/150
35/35 - 4s - 112ms/step - accuracy: 0.9902 - loss: 0.0933 - val_accuracy: 0.9714 - val_loss: 0.1524 - learning_rate: 0.0010
Epoch 29/150
35/35 - 4s - 114ms/step - accuracy: 0.9884 - loss: 0.0916 - val_accuracy: 0.9661 - val_loss: 0.1556 - learning_rate: 0.0010
Epoch 30/150
35/35 - 4s - 121ms/step - accuracy: 0.9897 - loss: 0.0872 - val_accuracy: 0.9679 - val_loss: 0.1363 - learning_rate: 0.0010
Epoch 31/150
35/35 - 5s - 129ms/step - accuracy: 0.9879 - loss: 0.0854 - val_accuracy: 0.9768 - val_loss: 0.1184 - learning_rate: 0.0010
Epoch 32/150
35/35 - 4s - 112ms/step - accuracy: 0.9920 - loss: 0.0772 - val_accuracy: 0.9643 - val_loss: 0.1464 - learning_rate: 0.0010
Epoch 33/150
35/35 - 4s - 111ms/step - accuracy: 0.9893 - loss: 0.0786 - val_accuracy: 0.9661 - val_loss: 0.1359 - learning_rate: 0.0010
Epoch 34/150
35/35 - 4s - 112ms/step - accuracy: 0.9893 - loss: 0.0782 - val_accuracy: 0.9607 - val_loss: 0.1583 - learning_rate: 0.0010
Epoch 35/150
35/35 - 4s - 112ms/step - accuracy: 0.9897 - loss: 0.0730 - val_accuracy: 0.9679 - val_loss: 0.1203 - learning_rate: 0.0010
Epoch 36/150
35/35 - 5s - 139ms/step - accuracy: 0.9937 - loss: 0.0702 - val_accuracy: 0.9839 - val_loss: 0.0883 - learning_rate: 0.0010
Epoch 37/150
35/35 - 4s - 118ms/step - accuracy: 0.9906 - loss: 0.0646 - val_accuracy: 0.9714 - val_loss: 0.1247 - learning_rate: 0.0010
Epoch 38/150
35/35 - 4s - 114ms/step - accuracy: 0.9893 - loss: 0.0678 - val_accuracy: 0.9679 - val_loss: 0.1175 - learning_rate: 0.0010
Epoch 39/150
35/35 - 4s - 115ms/step - accuracy: 0.9920 - loss: 0.0652 - val_accuracy: 0.9821 - val_loss: 0.0952 - learning_rate: 0.0010
Epoch 40/150
35/35 - 4s - 114ms/step - accuracy: 0.9893 - loss: 0.0630 - val_accuracy: 0.9768 - val_loss: 0.1082 - learning_rate: 0.0010
Epoch 41/150
35/35 - 4s - 115ms/step - accuracy: 0.9884 - loss: 0.0690 - val_accuracy: 0.9821 - val_loss: 0.0879 - learning_rate: 0.0010
Epoch 42/150
35/35 - 4s - 113ms/step - accuracy: 0.9915 - loss: 0.0609 - val_accuracy: 0.9679 - val_loss: 0.1091 - learning_rate: 0.0010
Epoch 43/150
35/35 - 4s - 116ms/step - accuracy: 0.9848 - loss: 0.0662 - val_accuracy: 0.9804 - val_loss: 0.0795 - learning_rate: 0.0010
Epoch 44/150
35/35 - 4s - 114ms/step - accuracy: 0.9915 - loss: 0.0612 - val_accuracy: 0.9839 - val_loss: 0.0922 - learning_rate: 0.0010
Epoch 45/150
35/35 - 4s - 114ms/step - accuracy: 0.9920 - loss: 0.0592 - val_accuracy: 0.9821 - val_loss: 0.0866 - learning_rate: 0.0010
Epoch 46/150
35/35 - 4s - 115ms/step - accuracy: 0.9911 - loss: 0.0579 - val_accuracy: 0.9839 - val_loss: 0.0788 - learning_rate: 0.0010
Epoch 47/150
35/35 - 4s - 117ms/step - accuracy: 0.9920 - loss: 0.0537 - val_accuracy: 0.9768 - val_loss: 0.0692 - learning_rate: 0.0010
Epoch 48/150
35/35 - 4s - 117ms/step - accuracy: 0.9866 - loss: 0.0592 - val_accuracy: 0.9732 - val_loss: 0.0860 - learning_rate: 0.0010
Epoch 49/150
35/35 - 4s - 115ms/step - accuracy: 0.9924 - loss: 0.0553 - val_accuracy: 0.9696 - val_loss: 0.0929 - learning_rate: 0.0010
Epoch 50/150
35/35 - 4s - 116ms/step - accuracy: 0.9933 - loss: 0.0491 - val_accuracy: 0.9732 - val_loss: 0.0981 - learning_rate: 0.0010
Epoch 51/150
35/35 - 4s - 126ms/step - accuracy: 0.9879 - loss: 0.0587 - val_accuracy: 0.9750 - val_loss: 0.0904 - learning_rate: 0.0010
Epoch 52/150
35/35 - 4s - 121ms/step - accuracy: 0.9902 - loss: 0.0573 - val_accuracy: 0.9804 - val_loss: 0.0676 - learning_rate: 0.0010
Epoch 53/150
35/35 - 4s - 127ms/step - accuracy: 0.9893 - loss: 0.0604 - val_accuracy: 0.9821 - val_loss: 0.0752 - learning_rate: 0.0010
Epoch 54/150
35/35 - 4s - 122ms/step - accuracy: 0.9902 - loss: 0.0588 - val_accuracy: 0.9786 - val_loss: 0.0742 - learning_rate: 0.0010
Epoch 55/150
35/35 - 4s - 122ms/step - accuracy: 0.9902 - loss: 0.0531 - val_accuracy: 0.9786 - val_loss: 0.0704 - learning_rate: 0.0010
Epoch 56/150
35/35 - 4s - 118ms/step - accuracy: 0.9915 - loss: 0.0497 - val_accuracy: 0.9786 - val_loss: 0.0593 - learning_rate: 0.0010
Epoch 57/150
35/35 - 4s - 115ms/step - accuracy: 0.9915 - loss: 0.0522 - val_accuracy: 0.9839 - val_loss: 0.0695 - learning_rate: 0.0010
Epoch 58/150
35/35 - 4s - 115ms/step - accuracy: 0.9911 - loss: 0.0500 - val_accuracy: 0.9804 - val_loss: 0.0707 - learning_rate: 0.0010
Epoch 59/150
35/35 - 4s - 115ms/step - accuracy: 0.9906 - loss: 0.0522 - val_accuracy: 0.9786 - val_loss: 0.0790 - learning_rate: 0.0010
Epoch 60/150
35/35 - 4s - 116ms/step - accuracy: 0.9902 - loss: 0.0486 - val_accuracy: 0.9821 - val_loss: 0.0743 - learning_rate: 0.0010
Epoch 61/150
35/35 - 4s - 115ms/step - accuracy: 0.9884 - loss: 0.0536 - val_accuracy: 0.9768 - val_loss: 0.0713 - learning_rate: 0.0010
Epoch 62/150
35/35 - 4s - 115ms/step - accuracy: 0.9902 - loss: 0.0532 - val_accuracy: 0.9804 - val_loss: 0.0646 - learning_rate: 0.0010
Epoch 63/150
35/35 - 4s - 115ms/step - accuracy: 0.9888 - loss: 0.0551 - val_accuracy: 0.9750 - val_loss: 0.0704 - learning_rate: 0.0010
Epoch 64/150
35/35 - 4s - 118ms/step - accuracy: 0.9951 - loss: 0.0466 - val_accuracy: 0.9839 - val_loss: 0.0668 - learning_rate: 0.0010
Epoch 65/150
35/35 - 4s - 123ms/step - accuracy: 0.9924 - loss: 0.0422 - val_accuracy: 0.9804 - val_loss: 0.0617 - learning_rate: 0.0010
Epoch 66/150
35/35 - 5s - 130ms/step - accuracy: 0.9911 - loss: 0.0490 - val_accuracy: 0.9839 - val_loss: 0.0621 - learning_rate: 0.0010

--- binary/ATCNet test results ---
              precision    recall  f1-score   support

 Non-seizure     0.9873    0.9750    0.9811       560
     Seizure     0.9048    0.9500    0.9268       140

    accuracy                         0.9700       700
   macro avg     0.9461    0.9625    0.9540       700
weighted avg     0.9708    0.9700    0.9703       700

Confusion matrix (rows=true, cols=pred):
[[546  14]
 [  7 133]]
Accuracy=0.9700  kappa=0.9080  macroAUC=0.9946
Seizure sensitivity=0.9500  specificity=0.9750  (trained in 5.0 min)

============================================================
Training binary/EEGNet
============================================================
Epoch 1/150
35/35 - 4s - 120ms/step - accuracy: 0.8987 - loss: 0.3880 - val_accuracy: 0.8804 - val_loss: 0.5259 - learning_rate: 0.0010
Epoch 2/150
35/35 - 2s - 54ms/step - accuracy: 0.9656 - loss: 0.1350 - val_accuracy: 0.8911 - val_loss: 0.3640 - learning_rate: 0.0010
Epoch 3/150
35/35 - 2s - 52ms/step - accuracy: 0.9688 - loss: 0.1039 - val_accuracy: 0.9018 - val_loss: 0.2771 - learning_rate: 0.0010
Epoch 4/150
35/35 - 2s - 52ms/step - accuracy: 0.9737 - loss: 0.0906 - val_accuracy: 0.9071 - val_loss: 0.2332 - learning_rate: 0.0010
Epoch 5/150
35/35 - 2s - 55ms/step - accuracy: 0.9746 - loss: 0.0831 - val_accuracy: 0.9107 - val_loss: 0.2100 - learning_rate: 0.0010
Epoch 6/150
35/35 - 2s - 59ms/step - accuracy: 0.9763 - loss: 0.0774 - val_accuracy: 0.9232 - val_loss: 0.1929 - learning_rate: 0.0010
Epoch 7/150
35/35 - 2s - 57ms/step - accuracy: 0.9759 - loss: 0.0747 - val_accuracy: 0.9268 - val_loss: 0.1744 - learning_rate: 0.0010
Epoch 8/150
35/35 - 2s - 57ms/step - accuracy: 0.9772 - loss: 0.0715 - val_accuracy: 0.9339 - val_loss: 0.1572 - learning_rate: 0.0010
Epoch 9/150
35/35 - 2s - 53ms/step - accuracy: 0.9790 - loss: 0.0678 - val_accuracy: 0.9357 - val_loss: 0.1447 - learning_rate: 0.0010
Epoch 10/150
35/35 - 2s - 55ms/step - accuracy: 0.9768 - loss: 0.0672 - val_accuracy: 0.9446 - val_loss: 0.1337 - learning_rate: 0.0010
Epoch 11/150
35/35 - 2s - 61ms/step - accuracy: 0.9790 - loss: 0.0643 - val_accuracy: 0.9482 - val_loss: 0.1252 - learning_rate: 0.0010
Epoch 12/150
35/35 - 2s - 62ms/step - accuracy: 0.9786 - loss: 0.0648 - val_accuracy: 0.9500 - val_loss: 0.1169 - learning_rate: 0.0010
Epoch 13/150
35/35 - 2s - 60ms/step - accuracy: 0.9781 - loss: 0.0601 - val_accuracy: 0.9518 - val_loss: 0.1106 - learning_rate: 0.0010
Epoch 14/150
35/35 - 2s - 59ms/step - accuracy: 0.9772 - loss: 0.0612 - val_accuracy: 0.9518 - val_loss: 0.1076 - learning_rate: 0.0010
Epoch 15/150
35/35 - 2s - 57ms/step - accuracy: 0.9777 - loss: 0.0576 - val_accuracy: 0.9518 - val_loss: 0.1037 - learning_rate: 0.0010
Epoch 16/150
35/35 - 2s - 53ms/step - accuracy: 0.9799 - loss: 0.0572 - val_accuracy: 0.9536 - val_loss: 0.1007 - learning_rate: 0.0010
Epoch 17/150
35/35 - 2s - 52ms/step - accuracy: 0.9795 - loss: 0.0562 - val_accuracy: 0.9554 - val_loss: 0.0976 - learning_rate: 0.0010
Epoch 18/150
35/35 - 2s - 50ms/step - accuracy: 0.9781 - loss: 0.0549 - val_accuracy: 0.9554 - val_loss: 0.0982 - learning_rate: 0.0010
Epoch 19/150
35/35 - 2s - 51ms/step - accuracy: 0.9812 - loss: 0.0543 - val_accuracy: 0.9554 - val_loss: 0.0941 - learning_rate: 0.0010
Epoch 20/150
35/35 - 2s - 50ms/step - accuracy: 0.9795 - loss: 0.0536 - val_accuracy: 0.9536 - val_loss: 0.0942 - learning_rate: 0.0010
Epoch 21/150
35/35 - 2s - 51ms/step - accuracy: 0.9804 - loss: 0.0518 - val_accuracy: 0.9536 - val_loss: 0.0929 - learning_rate: 0.0010
Epoch 22/150
35/35 - 2s - 50ms/step - accuracy: 0.9790 - loss: 0.0532 - val_accuracy: 0.9554 - val_loss: 0.0903 - learning_rate: 0.0010
Epoch 23/150
35/35 - 2s - 53ms/step - accuracy: 0.9808 - loss: 0.0528 - val_accuracy: 0.9518 - val_loss: 0.0912 - learning_rate: 0.0010
Epoch 24/150
35/35 - 2s - 52ms/step - accuracy: 0.9830 - loss: 0.0505 - val_accuracy: 0.9554 - val_loss: 0.0884 - learning_rate: 0.0010
Epoch 25/150
35/35 - 2s - 54ms/step - accuracy: 0.9835 - loss: 0.0502 - val_accuracy: 0.9536 - val_loss: 0.0897 - learning_rate: 0.0010
Epoch 26/150
35/35 - 2s - 57ms/step - accuracy: 0.9817 - loss: 0.0487 - val_accuracy: 0.9554 - val_loss: 0.0903 - learning_rate: 0.0010
Epoch 27/150
35/35 - 2s - 52ms/step - accuracy: 0.9808 - loss: 0.0489 - val_accuracy: 0.9554 - val_loss: 0.0845 - learning_rate: 0.0010
Epoch 28/150
35/35 - 2s - 52ms/step - accuracy: 0.9817 - loss: 0.0483 - val_accuracy: 0.9571 - val_loss: 0.0825 - learning_rate: 0.0010
Epoch 29/150
35/35 - 2s - 54ms/step - accuracy: 0.9817 - loss: 0.0485 - val_accuracy: 0.9536 - val_loss: 0.0853 - learning_rate: 0.0010
Epoch 30/150
35/35 - 2s - 51ms/step - accuracy: 0.9817 - loss: 0.0495 - val_accuracy: 0.9589 - val_loss: 0.0821 - learning_rate: 0.0010
Epoch 31/150
35/35 - 2s - 54ms/step - accuracy: 0.9812 - loss: 0.0454 - val_accuracy: 0.9607 - val_loss: 0.0806 - learning_rate: 0.0010
Epoch 32/150
35/35 - 2s - 49ms/step - accuracy: 0.9839 - loss: 0.0454 - val_accuracy: 0.9607 - val_loss: 0.0799 - learning_rate: 0.0010
Epoch 33/150
35/35 - 2s - 50ms/step - accuracy: 0.9839 - loss: 0.0459 - val_accuracy: 0.9571 - val_loss: 0.0840 - learning_rate: 0.0010
Epoch 34/150
35/35 - 2s - 49ms/step - accuracy: 0.9848 - loss: 0.0444 - val_accuracy: 0.9607 - val_loss: 0.0769 - learning_rate: 0.0010
Epoch 35/150
35/35 - 2s - 53ms/step - accuracy: 0.9839 - loss: 0.0448 - val_accuracy: 0.9625 - val_loss: 0.0764 - learning_rate: 0.0010
Epoch 36/150
35/35 - 2s - 50ms/step - accuracy: 0.9844 - loss: 0.0435 - val_accuracy: 0.9607 - val_loss: 0.0750 - learning_rate: 0.0010
Epoch 37/150
35/35 - 2s - 53ms/step - accuracy: 0.9848 - loss: 0.0428 - val_accuracy: 0.9607 - val_loss: 0.0773 - learning_rate: 0.0010
Epoch 38/150
35/35 - 2s - 56ms/step - accuracy: 0.9839 - loss: 0.0426 - val_accuracy: 0.9607 - val_loss: 0.0735 - learning_rate: 0.0010
Epoch 39/150
35/35 - 2s - 50ms/step - accuracy: 0.9826 - loss: 0.0426 - val_accuracy: 0.9607 - val_loss: 0.0740 - learning_rate: 0.0010
Epoch 40/150
35/35 - 2s - 51ms/step - accuracy: 0.9835 - loss: 0.0416 - val_accuracy: 0.9625 - val_loss: 0.0734 - learning_rate: 0.0010
Epoch 41/150
35/35 - 2s - 57ms/step - accuracy: 0.9835 - loss: 0.0420 - val_accuracy: 0.9589 - val_loss: 0.0740 - learning_rate: 0.0010
Epoch 42/150
35/35 - 2s - 53ms/step - accuracy: 0.9844 - loss: 0.0406 - val_accuracy: 0.9589 - val_loss: 0.0741 - learning_rate: 0.0010
Epoch 43/150
35/35 - 2s - 51ms/step - accuracy: 0.9844 - loss: 0.0382 - val_accuracy: 0.9625 - val_loss: 0.0717 - learning_rate: 0.0010
Epoch 44/150
35/35 - 2s - 56ms/step - accuracy: 0.9844 - loss: 0.0406 - val_accuracy: 0.9643 - val_loss: 0.0735 - learning_rate: 0.0010
Epoch 45/150
35/35 - 2s - 52ms/step - accuracy: 0.9848 - loss: 0.0383 - val_accuracy: 0.9625 - val_loss: 0.0713 - learning_rate: 0.0010
Epoch 46/150
35/35 - 2s - 51ms/step - accuracy: 0.9857 - loss: 0.0394 - val_accuracy: 0.9607 - val_loss: 0.0744 - learning_rate: 0.0010
Epoch 47/150
35/35 - 2s - 51ms/step - accuracy: 0.9871 - loss: 0.0368 - val_accuracy: 0.9607 - val_loss: 0.0726 - learning_rate: 0.0010
Epoch 48/150
35/35 - 2s - 52ms/step - accuracy: 0.9857 - loss: 0.0374 - val_accuracy: 0.9625 - val_loss: 0.0724 - learning_rate: 0.0010
Epoch 49/150
35/35 - 4s - 115ms/step - accuracy: 0.9871 - loss: 0.0361 - val_accuracy: 0.9643 - val_loss: 0.0665 - learning_rate: 0.0010
Epoch 50/150
35/35 - 3s - 92ms/step - accuracy: 0.9853 - loss: 0.0371 - val_accuracy: 0.9625 - val_loss: 0.0710 - learning_rate: 0.0010
Epoch 51/150
35/35 - 4s - 109ms/step - accuracy: 0.9857 - loss: 0.0374 - val_accuracy: 0.9625 - val_loss: 0.0662 - learning_rate: 0.0010
Epoch 52/150
35/35 - 2s - 69ms/step - accuracy: 0.9866 - loss: 0.0353 - val_accuracy: 0.9679 - val_loss: 0.0618 - learning_rate: 0.0010
Epoch 53/150
35/35 - 2s - 70ms/step - accuracy: 0.9866 - loss: 0.0376 - val_accuracy: 0.9625 - val_loss: 0.0698 - learning_rate: 0.0010
Epoch 54/150
35/35 - 3s - 79ms/step - accuracy: 0.9862 - loss: 0.0347 - val_accuracy: 0.9589 - val_loss: 0.0724 - learning_rate: 0.0010
Epoch 55/150
35/35 - 3s - 77ms/step - accuracy: 0.9888 - loss: 0.0344 - val_accuracy: 0.9607 - val_loss: 0.0693 - learning_rate: 0.0010
Epoch 56/150
35/35 - 3s - 81ms/step - accuracy: 0.9866 - loss: 0.0339 - val_accuracy: 0.9625 - val_loss: 0.0716 - learning_rate: 0.0010
Epoch 57/150
35/35 - 3s - 72ms/step - accuracy: 0.9871 - loss: 0.0336 - val_accuracy: 0.9625 - val_loss: 0.0743 - learning_rate: 0.0010
Epoch 58/150
35/35 - 3s - 92ms/step - accuracy: 0.9857 - loss: 0.0339 - val_accuracy: 0.9661 - val_loss: 0.0623 - learning_rate: 0.0010
Epoch 59/150
35/35 - 3s - 73ms/step - accuracy: 0.9866 - loss: 0.0340 - val_accuracy: 0.9661 - val_loss: 0.0650 - learning_rate: 0.0010
Epoch 60/150
35/35 - 2s - 61ms/step - accuracy: 0.9857 - loss: 0.0324 - val_accuracy: 0.9625 - val_loss: 0.0708 - learning_rate: 0.0010
Epoch 61/150
35/35 - 2s - 65ms/step - accuracy: 0.9888 - loss: 0.0318 - val_accuracy: 0.9661 - val_loss: 0.0651 - learning_rate: 0.0010
Epoch 62/150
35/35 - 3s - 72ms/step - accuracy: 0.9875 - loss: 0.0323 - val_accuracy: 0.9679 - val_loss: 0.0632 - learning_rate: 0.0010
Epoch 63/150
35/35 - 3s - 86ms/step - accuracy: 0.9902 - loss: 0.0293 - val_accuracy: 0.9679 - val_loss: 0.0623 - learning_rate: 5.0000e-04
Epoch 64/150
35/35 - 3s - 72ms/step - accuracy: 0.9906 - loss: 0.0295 - val_accuracy: 0.9679 - val_loss: 0.0575 - learning_rate: 5.0000e-04
Epoch 65/150
35/35 - 3s - 79ms/step - accuracy: 0.9897 - loss: 0.0296 - val_accuracy: 0.9696 - val_loss: 0.0558 - learning_rate: 5.0000e-04
Epoch 66/150
35/35 - 3s - 74ms/step - accuracy: 0.9897 - loss: 0.0294 - val_accuracy: 0.9696 - val_loss: 0.0558 - learning_rate: 5.0000e-04
Epoch 67/150
35/35 - 3s - 82ms/step - accuracy: 0.9902 - loss: 0.0288 - val_accuracy: 0.9679 - val_loss: 0.0605 - learning_rate: 5.0000e-04
Epoch 68/150
35/35 - 4s - 100ms/step - accuracy: 0.9906 - loss: 0.0279 - val_accuracy: 0.9714 - val_loss: 0.0544 - learning_rate: 5.0000e-04
Epoch 69/150
35/35 - 4s - 127ms/step - accuracy: 0.9902 - loss: 0.0285 - val_accuracy: 0.9714 - val_loss: 0.0607 - learning_rate: 5.0000e-04
Epoch 70/150
35/35 - 3s - 77ms/step - accuracy: 0.9911 - loss: 0.0274 - val_accuracy: 0.9714 - val_loss: 0.0595 - learning_rate: 5.0000e-04
Epoch 71/150
35/35 - 3s - 93ms/step - accuracy: 0.9897 - loss: 0.0262 - val_accuracy: 0.9732 - val_loss: 0.0532 - learning_rate: 5.0000e-04
Epoch 72/150
35/35 - 5s - 150ms/step - accuracy: 0.9902 - loss: 0.0275 - val_accuracy: 0.9732 - val_loss: 0.0538 - learning_rate: 5.0000e-04
Epoch 73/150
35/35 - 2s - 66ms/step - accuracy: 0.9911 - loss: 0.0256 - val_accuracy: 0.9732 - val_loss: 0.0544 - learning_rate: 5.0000e-04
Epoch 74/150
35/35 - 3s - 78ms/step - accuracy: 0.9911 - loss: 0.0270 - val_accuracy: 0.9768 - val_loss: 0.0509 - learning_rate: 5.0000e-04
Epoch 75/150
35/35 - 3s - 83ms/step - accuracy: 0.9911 - loss: 0.0264 - val_accuracy: 0.9750 - val_loss: 0.0561 - learning_rate: 5.0000e-04
Epoch 76/150
35/35 - 2s - 65ms/step - accuracy: 0.9915 - loss: 0.0253 - val_accuracy: 0.9786 - val_loss: 0.0506 - learning_rate: 5.0000e-04
Epoch 77/150
35/35 - 2s - 65ms/step - accuracy: 0.9906 - loss: 0.0265 - val_accuracy: 0.9821 - val_loss: 0.0491 - learning_rate: 5.0000e-04
Epoch 78/150
35/35 - 3s - 91ms/step - accuracy: 0.9897 - loss: 0.0260 - val_accuracy: 0.9804 - val_loss: 0.0493 - learning_rate: 5.0000e-04
Epoch 79/150
35/35 - 3s - 99ms/step - accuracy: 0.9906 - loss: 0.0278 - val_accuracy: 0.9804 - val_loss: 0.0494 - learning_rate: 5.0000e-04
Epoch 80/150
35/35 - 2s - 66ms/step - accuracy: 0.9933 - loss: 0.0242 - val_accuracy: 0.9786 - val_loss: 0.0477 - learning_rate: 5.0000e-04
Epoch 81/150
35/35 - 2s - 68ms/step - accuracy: 0.9929 - loss: 0.0238 - val_accuracy: 0.9821 - val_loss: 0.0461 - learning_rate: 5.0000e-04
Epoch 82/150
35/35 - 2s - 67ms/step - accuracy: 0.9933 - loss: 0.0244 - val_accuracy: 0.9857 - val_loss: 0.0434 - learning_rate: 5.0000e-04
Epoch 83/150
35/35 - 2s - 51ms/step - accuracy: 0.9915 - loss: 0.0240 - val_accuracy: 0.9839 - val_loss: 0.0452 - learning_rate: 5.0000e-04
Epoch 84/150
35/35 - 2s - 59ms/step - accuracy: 0.9906 - loss: 0.0237 - val_accuracy: 0.9857 - val_loss: 0.0446 - learning_rate: 5.0000e-04
Epoch 85/150
35/35 - 2s - 53ms/step - accuracy: 0.9915 - loss: 0.0238 - val_accuracy: 0.9875 - val_loss: 0.0443 - learning_rate: 5.0000e-04
Epoch 86/150
35/35 - 2s - 55ms/step - accuracy: 0.9902 - loss: 0.0251 - val_accuracy: 0.9804 - val_loss: 0.0470 - learning_rate: 5.0000e-04
Epoch 87/150
35/35 - 2s - 57ms/step - accuracy: 0.9893 - loss: 0.0261 - val_accuracy: 0.9875 - val_loss: 0.0390 - learning_rate: 5.0000e-04
Epoch 88/150
35/35 - 2s - 53ms/step - accuracy: 0.9924 - loss: 0.0220 - val_accuracy: 0.9875 - val_loss: 0.0381 - learning_rate: 5.0000e-04
Epoch 89/150
35/35 - 2s - 53ms/step - accuracy: 0.9915 - loss: 0.0245 - val_accuracy: 0.9875 - val_loss: 0.0381 - learning_rate: 5.0000e-04
Epoch 90/150
35/35 - 2s - 62ms/step - accuracy: 0.9920 - loss: 0.0221 - val_accuracy: 0.9857 - val_loss: 0.0382 - learning_rate: 5.0000e-04
Epoch 91/150
35/35 - 2s - 63ms/step - accuracy: 0.9924 - loss: 0.0239 - val_accuracy: 0.9857 - val_loss: 0.0390 - learning_rate: 5.0000e-04
Epoch 92/150
35/35 - 2s - 66ms/step - accuracy: 0.9915 - loss: 0.0215 - val_accuracy: 0.9857 - val_loss: 0.0378 - learning_rate: 5.0000e-04
Epoch 93/150
35/35 - 2s - 57ms/step - accuracy: 0.9942 - loss: 0.0229 - val_accuracy: 0.9893 - val_loss: 0.0398 - learning_rate: 5.0000e-04
Epoch 94/150
35/35 - 2s - 53ms/step - accuracy: 0.9897 - loss: 0.0243 - val_accuracy: 0.9875 - val_loss: 0.0381 - learning_rate: 5.0000e-04
Epoch 95/150
35/35 - 2s - 58ms/step - accuracy: 0.9920 - loss: 0.0234 - val_accuracy: 0.9893 - val_loss: 0.0368 - learning_rate: 5.0000e-04
Epoch 96/150
35/35 - 2s - 58ms/step - accuracy: 0.9942 - loss: 0.0198 - val_accuracy: 0.9893 - val_loss: 0.0362 - learning_rate: 5.0000e-04
Epoch 97/150
35/35 - 2s - 52ms/step - accuracy: 0.9929 - loss: 0.0221 - val_accuracy: 0.9893 - val_loss: 0.0410 - learning_rate: 5.0000e-04
Epoch 98/150
35/35 - 2s - 57ms/step - accuracy: 0.9942 - loss: 0.0214 - val_accuracy: 0.9893 - val_loss: 0.0392 - learning_rate: 5.0000e-04
Epoch 99/150
35/35 - 2s - 62ms/step - accuracy: 0.9911 - loss: 0.0223 - val_accuracy: 0.9911 - val_loss: 0.0355 - learning_rate: 5.0000e-04
Epoch 100/150
35/35 - 2s - 55ms/step - accuracy: 0.9929 - loss: 0.0243 - val_accuracy: 0.9857 - val_loss: 0.0398 - learning_rate: 5.0000e-04
Epoch 101/150
35/35 - 2s - 51ms/step - accuracy: 0.9929 - loss: 0.0218 - val_accuracy: 0.9875 - val_loss: 0.0380 - learning_rate: 5.0000e-04
Epoch 102/150
35/35 - 2s - 54ms/step - accuracy: 0.9946 - loss: 0.0216 - val_accuracy: 0.9875 - val_loss: 0.0361 - learning_rate: 5.0000e-04
Epoch 103/150
35/35 - 2s - 50ms/step - accuracy: 0.9942 - loss: 0.0214 - val_accuracy: 0.9911 - val_loss: 0.0339 - learning_rate: 5.0000e-04
Epoch 104/150
35/35 - 2s - 51ms/step - accuracy: 0.9924 - loss: 0.0214 - val_accuracy: 0.9857 - val_loss: 0.0358 - learning_rate: 5.0000e-04
Epoch 105/150
35/35 - 2s - 49ms/step - accuracy: 0.9920 - loss: 0.0218 - val_accuracy: 0.9857 - val_loss: 0.0367 - learning_rate: 5.0000e-04
Epoch 106/150
35/35 - 2s - 49ms/step - accuracy: 0.9951 - loss: 0.0203 - val_accuracy: 0.9875 - val_loss: 0.0346 - learning_rate: 5.0000e-04
Epoch 107/150
35/35 - 2s - 53ms/step - accuracy: 0.9920 - loss: 0.0223 - val_accuracy: 0.9875 - val_loss: 0.0361 - learning_rate: 5.0000e-04
Epoch 108/150
35/35 - 2s - 52ms/step - accuracy: 0.9937 - loss: 0.0203 - val_accuracy: 0.9893 - val_loss: 0.0339 - learning_rate: 5.0000e-04
Epoch 109/150
35/35 - 2s - 56ms/step - accuracy: 0.9946 - loss: 0.0194 - val_accuracy: 0.9893 - val_loss: 0.0346 - learning_rate: 5.0000e-04
Epoch 110/150
35/35 - 2s - 57ms/step - accuracy: 0.9915 - loss: 0.0227 - val_accuracy: 0.9893 - val_loss: 0.0349 - learning_rate: 5.0000e-04
Epoch 111/150
35/35 - 2s - 57ms/step - accuracy: 0.9946 - loss: 0.0203 - val_accuracy: 0.9893 - val_loss: 0.0363 - learning_rate: 5.0000e-04
Epoch 112/150
35/35 - 2s - 52ms/step - accuracy: 0.9911 - loss: 0.0212 - val_accuracy: 0.9893 - val_loss: 0.0368 - learning_rate: 5.0000e-04
Epoch 113/150
35/35 - 2s - 53ms/step - accuracy: 0.9937 - loss: 0.0200 - val_accuracy: 0.9857 - val_loss: 0.0333 - learning_rate: 5.0000e-04
Epoch 114/150
35/35 - 2s - 53ms/step - accuracy: 0.9951 - loss: 0.0179 - val_accuracy: 0.9875 - val_loss: 0.0340 - learning_rate: 5.0000e-04
Epoch 115/150
35/35 - 2s - 51ms/step - accuracy: 0.9933 - loss: 0.0203 - val_accuracy: 0.9875 - val_loss: 0.0328 - learning_rate: 5.0000e-04
Epoch 116/150
35/35 - 2s - 49ms/step - accuracy: 0.9929 - loss: 0.0192 - val_accuracy: 0.9857 - val_loss: 0.0316 - learning_rate: 5.0000e-04
Epoch 117/150
35/35 - 2s - 51ms/step - accuracy: 0.9951 - loss: 0.0185 - val_accuracy: 0.9821 - val_loss: 0.0385 - learning_rate: 5.0000e-04
Epoch 118/150
35/35 - 2s - 49ms/step - accuracy: 0.9933 - loss: 0.0180 - val_accuracy: 0.9857 - val_loss: 0.0335 - learning_rate: 5.0000e-04
Epoch 119/150
35/35 - 2s - 53ms/step - accuracy: 0.9924 - loss: 0.0189 - val_accuracy: 0.9857 - val_loss: 0.0327 - learning_rate: 5.0000e-04
Epoch 120/150
35/35 - 2s - 57ms/step - accuracy: 0.9951 - loss: 0.0182 - val_accuracy: 0.9875 - val_loss: 0.0358 - learning_rate: 5.0000e-04
Epoch 121/150
35/35 - 2s - 53ms/step - accuracy: 0.9924 - loss: 0.0194 - val_accuracy: 0.9893 - val_loss: 0.0337 - learning_rate: 5.0000e-04
Epoch 122/150
35/35 - 2s - 53ms/step - accuracy: 0.9920 - loss: 0.0207 - val_accuracy: 0.9839 - val_loss: 0.0348 - learning_rate: 5.0000e-04
Epoch 123/150
35/35 - 2s - 55ms/step - accuracy: 0.9946 - loss: 0.0184 - val_accuracy: 0.9893 - val_loss: 0.0318 - learning_rate: 5.0000e-04
Epoch 124/150
35/35 - 2s - 52ms/step - accuracy: 0.9937 - loss: 0.0172 - val_accuracy: 0.9875 - val_loss: 0.0311 - learning_rate: 5.0000e-04
Epoch 125/150
35/35 - 2s - 52ms/step - accuracy: 0.9937 - loss: 0.0181 - val_accuracy: 0.9857 - val_loss: 0.0367 - learning_rate: 5.0000e-04
Epoch 126/150
35/35 - 2s - 54ms/step - accuracy: 0.9937 - loss: 0.0187 - val_accuracy: 0.9875 - val_loss: 0.0328 - learning_rate: 5.0000e-04
Epoch 127/150
35/35 - 2s - 52ms/step - accuracy: 0.9942 - loss: 0.0186 - val_accuracy: 0.9857 - val_loss: 0.0299 - learning_rate: 5.0000e-04
Epoch 128/150
35/35 - 2s - 54ms/step - accuracy: 0.9942 - loss: 0.0179 - val_accuracy: 0.9893 - val_loss: 0.0296 - learning_rate: 5.0000e-04
Epoch 129/150
35/35 - 2s - 64ms/step - accuracy: 0.9933 - loss: 0.0182 - val_accuracy: 0.9875 - val_loss: 0.0326 - learning_rate: 5.0000e-04

--- binary/EEGNet test results ---
              precision    recall  f1-score   support

 Non-seizure     0.9873    0.9714    0.9793       560
     Seizure     0.8926    0.9500    0.9204       140

    accuracy                         0.9671       700
   macro avg     0.9400    0.9607    0.9499       700
weighted avg     0.9684    0.9671    0.9675       700

Confusion matrix (rows=true, cols=pred):
[[544  16]
 [  7 133]]
Accuracy=0.9671  kappa=0.8997  macroAUC=0.9933
Seizure sensitivity=0.9500  specificity=0.9714  (trained in 4.7 min)

########################################################################
# SCHEME: 3class
########################################################################
Loading Bonn data (segment-level split, then windowing)...
  train (2240, 1, 1, 1024) | val (560, 1, 1, 1024) | test (700, 1, 1, 1024)
  classes: ['Healthy', 'Interictal', 'Ictal'] | seizure class index: 2

============================================================
Training 3class/ATCNet
============================================================
Epoch 1/150
35/35 - 35s - 996ms/step - accuracy: 0.5871 - loss: 15.7023 - val_accuracy: 0.4000 - val_loss: 14.1391 - learning_rate: 0.0010
Epoch 2/150
35/35 - 5s - 141ms/step - accuracy: 0.7728 - loss: 11.8867 - val_accuracy: 0.4000 - val_loss: 11.2363 - learning_rate: 0.0010
Epoch 3/150
35/35 - 7s - 204ms/step - accuracy: 0.8335 - loss: 9.1862 - val_accuracy: 0.4179 - val_loss: 8.8710 - learning_rate: 0.0010
Epoch 4/150
35/35 - 5s - 150ms/step - accuracy: 0.8871 - loss: 7.0144 - val_accuracy: 0.4054 - val_loss: 7.1125 - learning_rate: 0.0010
Epoch 5/150
35/35 - 7s - 188ms/step - accuracy: 0.9094 - loss: 5.3464 - val_accuracy: 0.4393 - val_loss: 5.5442 - learning_rate: 0.0010
Epoch 6/150
35/35 - 9s - 245ms/step - accuracy: 0.9089 - loss: 4.0880 - val_accuracy: 0.4589 - val_loss: 4.3809 - learning_rate: 0.0010
Epoch 7/150
35/35 - 8s - 237ms/step - accuracy: 0.9174 - loss: 3.0964 - val_accuracy: 0.4964 - val_loss: 3.3438 - learning_rate: 0.0010
Epoch 8/150
35/35 - 7s - 197ms/step - accuracy: 0.9214 - loss: 2.3539 - val_accuracy: 0.5768 - val_loss: 2.5658 - learning_rate: 0.0010
Epoch 9/150
35/35 - 7s - 186ms/step - accuracy: 0.9228 - loss: 1.7970 - val_accuracy: 0.6000 - val_loss: 2.0739 - learning_rate: 0.0010
Epoch 10/150
35/35 - 6s - 171ms/step - accuracy: 0.9246 - loss: 1.3857 - val_accuracy: 0.8768 - val_loss: 1.5481 - learning_rate: 0.0010
Epoch 11/150
35/35 - 6s - 177ms/step - accuracy: 0.9250 - loss: 1.0898 - val_accuracy: 0.8446 - val_loss: 1.2328 - learning_rate: 0.0010
Epoch 12/150
35/35 - 8s - 226ms/step - accuracy: 0.9277 - loss: 0.8689 - val_accuracy: 0.6964 - val_loss: 1.1187 - learning_rate: 0.0010
Epoch 13/150
35/35 - 8s - 222ms/step - accuracy: 0.9379 - loss: 0.7182 - val_accuracy: 0.9089 - val_loss: 0.8556 - learning_rate: 0.0010
Epoch 14/150
35/35 - 7s - 195ms/step - accuracy: 0.9321 - loss: 0.6202 - val_accuracy: 0.7661 - val_loss: 0.8135 - learning_rate: 0.0010
Epoch 15/150
35/35 - 10s - 288ms/step - accuracy: 0.9344 - loss: 0.5481 - val_accuracy: 0.8518 - val_loss: 0.6582 - learning_rate: 0.0010
Epoch 16/150
35/35 - 7s - 202ms/step - accuracy: 0.9388 - loss: 0.4872 - val_accuracy: 0.8018 - val_loss: 0.6736 - learning_rate: 0.0010
Epoch 17/150
35/35 - 6s - 177ms/step - accuracy: 0.9321 - loss: 0.4647 - val_accuracy: 0.7946 - val_loss: 0.6204 - learning_rate: 0.0010
Epoch 18/150
35/35 - 6s - 185ms/step - accuracy: 0.9344 - loss: 0.4424 - val_accuracy: 0.8196 - val_loss: 0.5750 - learning_rate: 0.0010
Epoch 19/150
35/35 - 6s - 166ms/step - accuracy: 0.9335 - loss: 0.4179 - val_accuracy: 0.8321 - val_loss: 0.5404 - learning_rate: 0.0010
Epoch 20/150
35/35 - 6s - 184ms/step - accuracy: 0.9433 - loss: 0.3889 - val_accuracy: 0.8500 - val_loss: 0.4770 - learning_rate: 0.0010
Epoch 21/150
35/35 - 7s - 193ms/step - accuracy: 0.9397 - loss: 0.3926 - val_accuracy: 0.8875 - val_loss: 0.4044 - learning_rate: 0.0010
Epoch 22/150
35/35 - 7s - 212ms/step - accuracy: 0.9384 - loss: 0.3832 - val_accuracy: 0.8357 - val_loss: 0.4887 - learning_rate: 0.0010
Epoch 23/150
35/35 - 5s - 135ms/step - accuracy: 0.9388 - loss: 0.3784 - val_accuracy: 0.8589 - val_loss: 0.4407 - learning_rate: 0.0010
Epoch 24/150
35/35 - 6s - 166ms/step - accuracy: 0.9460 - loss: 0.3691 - val_accuracy: 0.8554 - val_loss: 0.4684 - learning_rate: 0.0010
Epoch 25/150
35/35 - 5s - 156ms/step - accuracy: 0.9460 - loss: 0.3534 - val_accuracy: 0.8429 - val_loss: 0.4819 - learning_rate: 0.0010
Epoch 26/150
35/35 - 5s - 154ms/step - accuracy: 0.9402 - loss: 0.3690 - val_accuracy: 0.8696 - val_loss: 0.3992 - learning_rate: 0.0010
Epoch 27/150
35/35 - 5s - 142ms/step - accuracy: 0.9406 - loss: 0.3580 - val_accuracy: 0.9000 - val_loss: 0.3706 - learning_rate: 0.0010
Epoch 28/150
35/35 - 5s - 134ms/step - accuracy: 0.9455 - loss: 0.3494 - val_accuracy: 0.8482 - val_loss: 0.4695 - learning_rate: 0.0010
Epoch 29/150
35/35 - 5s - 132ms/step - accuracy: 0.9411 - loss: 0.3576 - val_accuracy: 0.8661 - val_loss: 0.4087 - learning_rate: 0.0010
Epoch 30/150
35/35 - 5s - 132ms/step - accuracy: 0.9429 - loss: 0.3445 - val_accuracy: 0.8804 - val_loss: 0.3739 - learning_rate: 0.0010
Epoch 31/150
35/35 - 6s - 160ms/step - accuracy: 0.9455 - loss: 0.3498 - val_accuracy: 0.9429 - val_loss: 0.3113 - learning_rate: 0.0010
Epoch 32/150
35/35 - 5s - 136ms/step - accuracy: 0.9344 - loss: 0.3471 - val_accuracy: 0.8357 - val_loss: 0.4738 - learning_rate: 0.0010
Epoch 33/150
35/35 - 6s - 158ms/step - accuracy: 0.9424 - loss: 0.3540 - val_accuracy: 0.9536 - val_loss: 0.3035 - learning_rate: 0.0010
Epoch 34/150
35/35 - 5s - 137ms/step - accuracy: 0.9487 - loss: 0.3321 - val_accuracy: 0.8625 - val_loss: 0.4181 - learning_rate: 0.0010
Epoch 35/150
35/35 - 5s - 143ms/step - accuracy: 0.9420 - loss: 0.3380 - val_accuracy: 0.8411 - val_loss: 0.5245 - learning_rate: 0.0010
Epoch 36/150
35/35 - 6s - 176ms/step - accuracy: 0.9518 - loss: 0.3247 - val_accuracy: 0.9429 - val_loss: 0.3097 - learning_rate: 0.0010
Epoch 37/150
35/35 - 6s - 186ms/step - accuracy: 0.9451 - loss: 0.3283 - val_accuracy: 0.9268 - val_loss: 0.3225 - learning_rate: 0.0010
Epoch 38/150
35/35 - 5s - 156ms/step - accuracy: 0.9411 - loss: 0.3368 - val_accuracy: 0.8429 - val_loss: 0.4978 - learning_rate: 0.0010
Epoch 39/150
35/35 - 5s - 139ms/step - accuracy: 0.9415 - loss: 0.3323 - val_accuracy: 0.9232 - val_loss: 0.3171 - learning_rate: 0.0010
Epoch 40/150
35/35 - 5s - 141ms/step - accuracy: 0.9442 - loss: 0.3232 - val_accuracy: 0.8446 - val_loss: 0.4752 - learning_rate: 0.0010
Epoch 41/150
35/35 - 6s - 167ms/step - accuracy: 0.9433 - loss: 0.3217 - val_accuracy: 0.9393 - val_loss: 0.3149 - learning_rate: 0.0010
Epoch 42/150
35/35 - 5s - 135ms/step - accuracy: 0.9397 - loss: 0.3371 - val_accuracy: 0.8393 - val_loss: 0.5313 - learning_rate: 0.0010
Epoch 43/150
35/35 - 5s - 135ms/step - accuracy: 0.9362 - loss: 0.3525 - val_accuracy: 0.8714 - val_loss: 0.4377 - learning_rate: 0.0010
Epoch 44/150
35/35 - 5s - 146ms/step - accuracy: 0.9549 - loss: 0.3048 - val_accuracy: 0.8214 - val_loss: 0.5460 - learning_rate: 5.0000e-04
Epoch 45/150
35/35 - 6s - 165ms/step - accuracy: 0.9451 - loss: 0.3069 - val_accuracy: 0.8643 - val_loss: 0.4200 - learning_rate: 5.0000e-04
Epoch 46/150
35/35 - 6s - 167ms/step - accuracy: 0.9558 - loss: 0.2879 - val_accuracy: 0.8786 - val_loss: 0.3679 - learning_rate: 5.0000e-04
Epoch 47/150
35/35 - 12s - 344ms/step - accuracy: 0.9603 - loss: 0.2750 - val_accuracy: 0.8929 - val_loss: 0.3550 - learning_rate: 5.0000e-04
Epoch 48/150
35/35 - 12s - 341ms/step - accuracy: 0.9563 - loss: 0.2741 - val_accuracy: 0.8696 - val_loss: 0.3901 - learning_rate: 5.0000e-04
Epoch 49/150
35/35 - 11s - 316ms/step - accuracy: 0.9549 - loss: 0.2785 - val_accuracy: 0.8679 - val_loss: 0.3773 - learning_rate: 5.0000e-04
Epoch 50/150
35/35 - 9s - 267ms/step - accuracy: 0.9545 - loss: 0.2848 - val_accuracy: 0.8821 - val_loss: 0.3470 - learning_rate: 5.0000e-04
Epoch 51/150
35/35 - 8s - 220ms/step - accuracy: 0.9580 - loss: 0.2661 - val_accuracy: 0.8643 - val_loss: 0.4090 - learning_rate: 5.0000e-04
Epoch 52/150
35/35 - 7s - 209ms/step - accuracy: 0.9563 - loss: 0.2735 - val_accuracy: 0.8661 - val_loss: 0.4292 - learning_rate: 5.0000e-04
Epoch 53/150
35/35 - 8s - 228ms/step - accuracy: 0.9563 - loss: 0.2746 - val_accuracy: 0.8696 - val_loss: 0.3954 - learning_rate: 5.0000e-04
Epoch 54/150
35/35 - 9s - 247ms/step - accuracy: 0.9616 - loss: 0.2628 - val_accuracy: 0.9679 - val_loss: 0.2454 - learning_rate: 2.5000e-04
Epoch 55/150
35/35 - 8s - 227ms/step - accuracy: 0.9696 - loss: 0.2424 - val_accuracy: 0.8875 - val_loss: 0.3344 - learning_rate: 2.5000e-04
Epoch 56/150
35/35 - 7s - 197ms/step - accuracy: 0.9634 - loss: 0.2431 - val_accuracy: 0.9268 - val_loss: 0.2843 - learning_rate: 2.5000e-04
Epoch 57/150
35/35 - 13s - 381ms/step - accuracy: 0.9621 - loss: 0.2448 - val_accuracy: 0.9411 - val_loss: 0.2673 - learning_rate: 2.5000e-04
Epoch 58/150
35/35 - 9s - 256ms/step - accuracy: 0.9679 - loss: 0.2372 - val_accuracy: 0.9000 - val_loss: 0.3014 - learning_rate: 2.5000e-04
Epoch 59/150
35/35 - 8s - 226ms/step - accuracy: 0.9665 - loss: 0.2390 - val_accuracy: 0.8875 - val_loss: 0.3221 - learning_rate: 2.5000e-04
Epoch 60/150
35/35 - 6s - 181ms/step - accuracy: 0.9670 - loss: 0.2377 - val_accuracy: 0.9232 - val_loss: 0.2780 - learning_rate: 2.5000e-04
Epoch 61/150
35/35 - 7s - 193ms/step - accuracy: 0.9652 - loss: 0.2341 - val_accuracy: 0.8714 - val_loss: 0.3576 - learning_rate: 2.5000e-04
Epoch 62/150
35/35 - 7s - 187ms/step - accuracy: 0.9629 - loss: 0.2345 - val_accuracy: 0.8911 - val_loss: 0.3111 - learning_rate: 2.5000e-04
Epoch 63/150
35/35 - 6s - 183ms/step - accuracy: 0.9679 - loss: 0.2350 - val_accuracy: 0.9214 - val_loss: 0.2753 - learning_rate: 2.5000e-04
Epoch 64/150
35/35 - 7s - 193ms/step - accuracy: 0.9647 - loss: 0.2306 - val_accuracy: 0.9071 - val_loss: 0.2845 - learning_rate: 2.5000e-04
Epoch 65/150
35/35 - 12s - 332ms/step - accuracy: 0.9656 - loss: 0.2272 - val_accuracy: 0.9714 - val_loss: 0.1961 - learning_rate: 1.2500e-04
Epoch 66/150
35/35 - 7s - 191ms/step - accuracy: 0.9683 - loss: 0.2206 - val_accuracy: 0.9714 - val_loss: 0.1958 - learning_rate: 1.2500e-04
Epoch 67/150
35/35 - 7s - 204ms/step - accuracy: 0.9714 - loss: 0.2200 - val_accuracy: 0.9732 - val_loss: 0.1861 - learning_rate: 1.2500e-04
Epoch 68/150
35/35 - 6s - 172ms/step - accuracy: 0.9732 - loss: 0.2170 - val_accuracy: 0.9732 - val_loss: 0.1901 - learning_rate: 1.2500e-04
Epoch 69/150
35/35 - 8s - 242ms/step - accuracy: 0.9772 - loss: 0.2157 - val_accuracy: 0.9750 - val_loss: 0.1916 - learning_rate: 1.2500e-04
Epoch 70/150
35/35 - 6s - 183ms/step - accuracy: 0.9692 - loss: 0.2159 - val_accuracy: 0.9732 - val_loss: 0.1884 - learning_rate: 1.2500e-04
Epoch 71/150
35/35 - 7s - 202ms/step - accuracy: 0.9705 - loss: 0.2133 - val_accuracy: 0.9786 - val_loss: 0.1836 - learning_rate: 1.2500e-04
Epoch 72/150
35/35 - 6s - 167ms/step - accuracy: 0.9746 - loss: 0.2115 - val_accuracy: 0.9643 - val_loss: 0.2063 - learning_rate: 1.2500e-04
Epoch 73/150
35/35 - 6s - 171ms/step - accuracy: 0.9737 - loss: 0.2139 - val_accuracy: 0.9786 - val_loss: 0.1828 - learning_rate: 1.2500e-04
Epoch 74/150
35/35 - 7s - 192ms/step - accuracy: 0.9750 - loss: 0.2076 - val_accuracy: 0.9804 - val_loss: 0.1796 - learning_rate: 1.2500e-04
Epoch 75/150
35/35 - 6s - 167ms/step - accuracy: 0.9732 - loss: 0.2045 - val_accuracy: 0.9750 - val_loss: 0.1819 - learning_rate: 1.2500e-04
Epoch 76/150
35/35 - 6s - 182ms/step - accuracy: 0.9777 - loss: 0.2049 - val_accuracy: 0.9750 - val_loss: 0.1763 - learning_rate: 1.2500e-04
Epoch 77/150
35/35 - 7s - 210ms/step - accuracy: 0.9737 - loss: 0.2065 - val_accuracy: 0.9714 - val_loss: 0.1801 - learning_rate: 1.2500e-04
Epoch 78/150
35/35 - 7s - 195ms/step - accuracy: 0.9741 - loss: 0.2085 - val_accuracy: 0.9643 - val_loss: 0.1986 - learning_rate: 1.2500e-04
Epoch 79/150
35/35 - 6s - 185ms/step - accuracy: 0.9746 - loss: 0.2076 - val_accuracy: 0.9714 - val_loss: 0.1807 - learning_rate: 1.2500e-04
Epoch 80/150
35/35 - 8s - 221ms/step - accuracy: 0.9719 - loss: 0.2070 - val_accuracy: 0.9732 - val_loss: 0.1757 - learning_rate: 1.2500e-04
Epoch 81/150
35/35 - 8s - 240ms/step - accuracy: 0.9705 - loss: 0.2074 - val_accuracy: 0.9607 - val_loss: 0.1924 - learning_rate: 1.2500e-04
Epoch 82/150
35/35 - 8s - 238ms/step - accuracy: 0.9714 - loss: 0.2057 - val_accuracy: 0.9804 - val_loss: 0.1707 - learning_rate: 1.2500e-04
Epoch 83/150
35/35 - 6s - 178ms/step - accuracy: 0.9741 - loss: 0.2065 - val_accuracy: 0.9732 - val_loss: 0.1764 - learning_rate: 1.2500e-04
Epoch 84/150
35/35 - 6s - 178ms/step - accuracy: 0.9732 - loss: 0.2025 - val_accuracy: 0.9786 - val_loss: 0.1757 - learning_rate: 1.2500e-04
Epoch 85/150
35/35 - 6s - 175ms/step - accuracy: 0.9732 - loss: 0.2052 - val_accuracy: 0.9750 - val_loss: 0.1731 - learning_rate: 1.2500e-04
Epoch 86/150
35/35 - 6s - 164ms/step - accuracy: 0.9714 - loss: 0.2036 - val_accuracy: 0.9750 - val_loss: 0.1724 - learning_rate: 1.2500e-04
Epoch 87/150
35/35 - 11s - 302ms/step - accuracy: 0.9750 - loss: 0.2013 - val_accuracy: 0.9679 - val_loss: 0.1838 - learning_rate: 1.2500e-04
Epoch 88/150
35/35 - 9s - 251ms/step - accuracy: 0.9741 - loss: 0.2025 - val_accuracy: 0.9732 - val_loss: 0.1688 - learning_rate: 1.2500e-04
Epoch 89/150
35/35 - 6s - 176ms/step - accuracy: 0.9754 - loss: 0.2026 - val_accuracy: 0.9679 - val_loss: 0.1775 - learning_rate: 1.2500e-04
Epoch 90/150
35/35 - 6s - 172ms/step - accuracy: 0.9750 - loss: 0.1947 - val_accuracy: 0.9768 - val_loss: 0.1663 - learning_rate: 1.2500e-04
Epoch 91/150
35/35 - 6s - 170ms/step - accuracy: 0.9781 - loss: 0.1967 - val_accuracy: 0.9786 - val_loss: 0.1672 - learning_rate: 1.2500e-04
Epoch 92/150
35/35 - 6s - 168ms/step - accuracy: 0.9754 - loss: 0.1962 - val_accuracy: 0.9732 - val_loss: 0.1693 - learning_rate: 1.2500e-04
Epoch 93/150
35/35 - 7s - 196ms/step - accuracy: 0.9728 - loss: 0.2027 - val_accuracy: 0.9768 - val_loss: 0.1701 - learning_rate: 1.2500e-04
Epoch 94/150
35/35 - 6s - 172ms/step - accuracy: 0.9750 - loss: 0.2013 - val_accuracy: 0.9768 - val_loss: 0.1664 - learning_rate: 1.2500e-04
Epoch 95/150
35/35 - 6s - 160ms/step - accuracy: 0.9754 - loss: 0.1960 - val_accuracy: 0.9732 - val_loss: 0.1690 - learning_rate: 1.2500e-04
Epoch 96/150
35/35 - 5s - 148ms/step - accuracy: 0.9710 - loss: 0.2016 - val_accuracy: 0.9589 - val_loss: 0.1943 - learning_rate: 1.2500e-04
Epoch 97/150
35/35 - 5s - 147ms/step - accuracy: 0.9741 - loss: 0.2055 - val_accuracy: 0.9643 - val_loss: 0.1801 - learning_rate: 1.2500e-04
Epoch 98/150
35/35 - 5s - 136ms/step - accuracy: 0.9670 - loss: 0.2060 - val_accuracy: 0.9679 - val_loss: 0.1688 - learning_rate: 1.2500e-04
Epoch 99/150
35/35 - 5s - 137ms/step - accuracy: 0.9750 - loss: 0.1969 - val_accuracy: 0.9732 - val_loss: 0.1678 - learning_rate: 1.2500e-04
Epoch 100/150
35/35 - 5s - 144ms/step - accuracy: 0.9723 - loss: 0.2020 - val_accuracy: 0.9714 - val_loss: 0.1712 - learning_rate: 1.2500e-04
Epoch 101/150
35/35 - 5s - 134ms/step - accuracy: 0.9790 - loss: 0.1887 - val_accuracy: 0.9750 - val_loss: 0.1655 - learning_rate: 6.2500e-05
Epoch 102/150
35/35 - 5s - 131ms/step - accuracy: 0.9781 - loss: 0.1900 - val_accuracy: 0.9732 - val_loss: 0.1665 - learning_rate: 6.2500e-05
Epoch 103/150
35/35 - 4s - 128ms/step - accuracy: 0.9804 - loss: 0.1870 - val_accuracy: 0.9786 - val_loss: 0.1651 - learning_rate: 6.2500e-05
Epoch 104/150
35/35 - 5s - 137ms/step - accuracy: 0.9790 - loss: 0.1880 - val_accuracy: 0.9750 - val_loss: 0.1663 - learning_rate: 6.2500e-05

--- 3class/ATCNet test results ---
              precision    recall  f1-score   support

     Healthy     0.9424    0.9929    0.9670       280
  Interictal     0.9704    0.9357    0.9527       280
       Ictal     0.9407    0.9071    0.9236       140

    accuracy                         0.9529       700
   macro avg     0.9512    0.9452    0.9478       700
weighted avg     0.9532    0.9529    0.9526       700

Confusion matrix (rows=true, cols=pred):
[[278   1   1]
 [ 11 262   7]
 [  6   7 127]]
Accuracy=0.9529  kappa=0.9262  macroAUC=0.9934
Seizure sensitivity=0.9071  specificity=0.9857  (trained in 12.0 min)

============================================================
Training 3class/EEGNet
============================================================
Epoch 1/150
35/35 - 4s - 117ms/step - accuracy: 0.5808 - loss: 0.8623 - val_accuracy: 0.5250 - val_loss: 0.9773 - learning_rate: 0.0010
Epoch 2/150
35/35 - 2s - 54ms/step - accuracy: 0.6589 - loss: 0.6867 - val_accuracy: 0.5446 - val_loss: 0.8378 - learning_rate: 0.0010
Epoch 3/150
35/35 - 2s - 55ms/step - accuracy: 0.6862 - loss: 0.6501 - val_accuracy: 0.5589 - val_loss: 0.7560 - learning_rate: 0.0010
Epoch 4/150
35/35 - 2s - 58ms/step - accuracy: 0.7304 - loss: 0.6155 - val_accuracy: 0.6696 - val_loss: 0.6963 - learning_rate: 0.0010
Epoch 5/150
35/35 - 2s - 62ms/step - accuracy: 0.7594 - loss: 0.5690 - val_accuracy: 0.6732 - val_loss: 0.6441 - learning_rate: 0.0010
Epoch 6/150
35/35 - 2s - 68ms/step - accuracy: 0.7973 - loss: 0.5258 - val_accuracy: 0.6875 - val_loss: 0.5961 - learning_rate: 0.0010
Epoch 7/150
35/35 - 2s - 56ms/step - accuracy: 0.8121 - loss: 0.4941 - val_accuracy: 0.7286 - val_loss: 0.5474 - learning_rate: 0.0010
Epoch 8/150
35/35 - 2s - 56ms/step - accuracy: 0.8214 - loss: 0.4727 - val_accuracy: 0.7732 - val_loss: 0.4953 - learning_rate: 0.0010
Epoch 9/150
35/35 - 2s - 55ms/step - accuracy: 0.8295 - loss: 0.4570 - val_accuracy: 0.8321 - val_loss: 0.4491 - learning_rate: 0.0010
Epoch 10/150
35/35 - 2s - 54ms/step - accuracy: 0.8299 - loss: 0.4466 - val_accuracy: 0.8786 - val_loss: 0.4200 - learning_rate: 0.0010
Epoch 11/150
35/35 - 2s - 55ms/step - accuracy: 0.8420 - loss: 0.4338 - val_accuracy: 0.8893 - val_loss: 0.3961 - learning_rate: 0.0010
Epoch 12/150
35/35 - 2s - 52ms/step - accuracy: 0.8451 - loss: 0.4249 - val_accuracy: 0.8786 - val_loss: 0.3799 - learning_rate: 0.0010
Epoch 13/150
35/35 - 2s - 52ms/step - accuracy: 0.8433 - loss: 0.4169 - val_accuracy: 0.8714 - val_loss: 0.3685 - learning_rate: 0.0010
Epoch 14/150
35/35 - 2s - 55ms/step - accuracy: 0.8442 - loss: 0.4116 - val_accuracy: 0.8518 - val_loss: 0.3718 - learning_rate: 0.0010
Epoch 15/150
35/35 - 2s - 52ms/step - accuracy: 0.8460 - loss: 0.4047 - val_accuracy: 0.8643 - val_loss: 0.3551 - learning_rate: 0.0010
Epoch 16/150
35/35 - 2s - 56ms/step - accuracy: 0.8522 - loss: 0.3934 - val_accuracy: 0.8625 - val_loss: 0.3521 - learning_rate: 0.0010
Epoch 17/150
35/35 - 2s - 54ms/step - accuracy: 0.8580 - loss: 0.3889 - val_accuracy: 0.9232 - val_loss: 0.3352 - learning_rate: 0.0010
Epoch 18/150
35/35 - 2s - 56ms/step - accuracy: 0.8594 - loss: 0.3857 - val_accuracy: 0.9304 - val_loss: 0.3282 - learning_rate: 0.0010
Epoch 19/150
35/35 - 2s - 54ms/step - accuracy: 0.8638 - loss: 0.3771 - val_accuracy: 0.9089 - val_loss: 0.3334 - learning_rate: 0.0010
Epoch 20/150
35/35 - 2s - 56ms/step - accuracy: 0.8576 - loss: 0.3758 - val_accuracy: 0.9250 - val_loss: 0.3200 - learning_rate: 0.0010
Epoch 21/150
35/35 - 2s - 53ms/step - accuracy: 0.8692 - loss: 0.3596 - val_accuracy: 0.9286 - val_loss: 0.3173 - learning_rate: 0.0010
Epoch 22/150
35/35 - 2s - 53ms/step - accuracy: 0.8683 - loss: 0.3601 - val_accuracy: 0.9304 - val_loss: 0.3110 - learning_rate: 0.0010
Epoch 23/150
35/35 - 2s - 53ms/step - accuracy: 0.8696 - loss: 0.3533 - val_accuracy: 0.9286 - val_loss: 0.3049 - learning_rate: 0.0010
Epoch 24/150
35/35 - 2s - 56ms/step - accuracy: 0.8665 - loss: 0.3483 - val_accuracy: 0.9375 - val_loss: 0.2969 - learning_rate: 0.0010
Epoch 25/150
35/35 - 2s - 53ms/step - accuracy: 0.8710 - loss: 0.3486 - val_accuracy: 0.9321 - val_loss: 0.2948 - learning_rate: 0.0010
Epoch 26/150
35/35 - 2s - 56ms/step - accuracy: 0.8813 - loss: 0.3383 - val_accuracy: 0.9464 - val_loss: 0.2890 - learning_rate: 0.0010
Epoch 27/150
35/35 - 2s - 54ms/step - accuracy: 0.8737 - loss: 0.3358 - val_accuracy: 0.9429 - val_loss: 0.2828 - learning_rate: 0.0010
Epoch 28/150
35/35 - 2s - 53ms/step - accuracy: 0.8875 - loss: 0.3248 - val_accuracy: 0.9411 - val_loss: 0.2792 - learning_rate: 0.0010
Epoch 29/150
35/35 - 2s - 57ms/step - accuracy: 0.8813 - loss: 0.3253 - val_accuracy: 0.9339 - val_loss: 0.2878 - learning_rate: 0.0010
Epoch 30/150
35/35 - 2s - 59ms/step - accuracy: 0.8795 - loss: 0.3213 - val_accuracy: 0.9446 - val_loss: 0.2775 - learning_rate: 0.0010
Epoch 31/150
35/35 - 2s - 64ms/step - accuracy: 0.8888 - loss: 0.3154 - val_accuracy: 0.9536 - val_loss: 0.2658 - learning_rate: 0.0010
Epoch 32/150
35/35 - 2s - 61ms/step - accuracy: 0.8951 - loss: 0.3091 - val_accuracy: 0.9464 - val_loss: 0.2692 - learning_rate: 0.0010
Epoch 33/150
35/35 - 2s - 60ms/step - accuracy: 0.8893 - loss: 0.3096 - val_accuracy: 0.9357 - val_loss: 0.2603 - learning_rate: 0.0010
Epoch 34/150
35/35 - 2s - 62ms/step - accuracy: 0.8902 - loss: 0.3024 - val_accuracy: 0.9321 - val_loss: 0.2670 - learning_rate: 0.0010
Epoch 35/150
35/35 - 2s - 52ms/step - accuracy: 0.9013 - loss: 0.2926 - val_accuracy: 0.9482 - val_loss: 0.2432 - learning_rate: 0.0010
Epoch 36/150
35/35 - 2s - 53ms/step - accuracy: 0.9045 - loss: 0.2851 - val_accuracy: 0.9536 - val_loss: 0.2349 - learning_rate: 0.0010
Epoch 37/150
35/35 - 2s - 56ms/step - accuracy: 0.8996 - loss: 0.2857 - val_accuracy: 0.9571 - val_loss: 0.2308 - learning_rate: 0.0010
Epoch 38/150
35/35 - 2s - 55ms/step - accuracy: 0.9076 - loss: 0.2742 - val_accuracy: 0.9589 - val_loss: 0.2253 - learning_rate: 0.0010
Epoch 39/150
35/35 - 2s - 56ms/step - accuracy: 0.8991 - loss: 0.2758 - val_accuracy: 0.9482 - val_loss: 0.2234 - learning_rate: 0.0010
Epoch 40/150
35/35 - 2s - 54ms/step - accuracy: 0.9094 - loss: 0.2723 - val_accuracy: 0.9464 - val_loss: 0.2192 - learning_rate: 0.0010
Epoch 41/150
35/35 - 2s - 53ms/step - accuracy: 0.9058 - loss: 0.2689 - val_accuracy: 0.9482 - val_loss: 0.2182 - learning_rate: 0.0010
Epoch 42/150
35/35 - 2s - 53ms/step - accuracy: 0.9058 - loss: 0.2669 - val_accuracy: 0.9518 - val_loss: 0.2199 - learning_rate: 0.0010
Epoch 43/150
35/35 - 2s - 53ms/step - accuracy: 0.9062 - loss: 0.2634 - val_accuracy: 0.9482 - val_loss: 0.2216 - learning_rate: 0.0010
Epoch 44/150
35/35 - 2s - 53ms/step - accuracy: 0.9138 - loss: 0.2599 - val_accuracy: 0.9518 - val_loss: 0.2040 - learning_rate: 0.0010
Epoch 45/150
35/35 - 2s - 56ms/step - accuracy: 0.9125 - loss: 0.2538 - val_accuracy: 0.9304 - val_loss: 0.2282 - learning_rate: 0.0010
Epoch 46/150
35/35 - 2s - 52ms/step - accuracy: 0.9058 - loss: 0.2582 - val_accuracy: 0.9518 - val_loss: 0.2136 - learning_rate: 0.0010
Epoch 47/150
35/35 - 2s - 54ms/step - accuracy: 0.9174 - loss: 0.2488 - val_accuracy: 0.9554 - val_loss: 0.1981 - learning_rate: 0.0010
Epoch 48/150
35/35 - 2s - 56ms/step - accuracy: 0.9049 - loss: 0.2589 - val_accuracy: 0.9625 - val_loss: 0.1949 - learning_rate: 0.0010
Epoch 49/150
35/35 - 2s - 52ms/step - accuracy: 0.9116 - loss: 0.2524 - val_accuracy: 0.9357 - val_loss: 0.2005 - learning_rate: 0.0010
Epoch 50/150
35/35 - 2s - 56ms/step - accuracy: 0.9138 - loss: 0.2466 - val_accuracy: 0.9571 - val_loss: 0.1977 - learning_rate: 0.0010
Epoch 51/150
35/35 - 2s - 54ms/step - accuracy: 0.9232 - loss: 0.2344 - val_accuracy: 0.9482 - val_loss: 0.2042 - learning_rate: 0.0010
Epoch 52/150
35/35 - 2s - 54ms/step - accuracy: 0.9143 - loss: 0.2432 - val_accuracy: 0.9518 - val_loss: 0.1927 - learning_rate: 0.0010
Epoch 53/150
35/35 - 2s - 53ms/step - accuracy: 0.9152 - loss: 0.2459 - val_accuracy: 0.9554 - val_loss: 0.1848 - learning_rate: 0.0010
Epoch 54/150
35/35 - 2s - 53ms/step - accuracy: 0.9107 - loss: 0.2465 - val_accuracy: 0.9571 - val_loss: 0.1888 - learning_rate: 0.0010
Epoch 55/150
35/35 - 2s - 54ms/step - accuracy: 0.9165 - loss: 0.2446 - val_accuracy: 0.8804 - val_loss: 0.2381 - learning_rate: 0.0010
Epoch 56/150
35/35 - 2s - 56ms/step - accuracy: 0.9250 - loss: 0.2281 - val_accuracy: 0.9643 - val_loss: 0.1906 - learning_rate: 0.0010
Epoch 57/150
35/35 - 2s - 52ms/step - accuracy: 0.9272 - loss: 0.2226 - val_accuracy: 0.9482 - val_loss: 0.2042 - learning_rate: 0.0010
Epoch 58/150
35/35 - 2s - 54ms/step - accuracy: 0.9179 - loss: 0.2285 - val_accuracy: 0.9571 - val_loss: 0.1800 - learning_rate: 0.0010
Epoch 59/150
35/35 - 2s - 52ms/step - accuracy: 0.9147 - loss: 0.2283 - val_accuracy: 0.9536 - val_loss: 0.1761 - learning_rate: 0.0010
Epoch 60/150
35/35 - 2s - 53ms/step - accuracy: 0.9214 - loss: 0.2254 - val_accuracy: 0.9571 - val_loss: 0.1778 - learning_rate: 0.0010
Epoch 61/150
35/35 - 2s - 54ms/step - accuracy: 0.9295 - loss: 0.2189 - val_accuracy: 0.9518 - val_loss: 0.1750 - learning_rate: 0.0010
Epoch 62/150
35/35 - 2s - 57ms/step - accuracy: 0.9308 - loss: 0.2177 - val_accuracy: 0.9536 - val_loss: 0.1688 - learning_rate: 0.0010
Epoch 63/150
35/35 - 2s - 56ms/step - accuracy: 0.9246 - loss: 0.2141 - val_accuracy: 0.9464 - val_loss: 0.1956 - learning_rate: 0.0010
Epoch 64/150
35/35 - 2s - 53ms/step - accuracy: 0.9192 - loss: 0.2253 - val_accuracy: 0.9125 - val_loss: 0.2344 - learning_rate: 0.0010
Epoch 65/150
35/35 - 2s - 55ms/step - accuracy: 0.9107 - loss: 0.2247 - val_accuracy: 0.9464 - val_loss: 0.1850 - learning_rate: 0.0010
Epoch 66/150
35/35 - 2s - 59ms/step - accuracy: 0.9237 - loss: 0.2174 - val_accuracy: 0.9625 - val_loss: 0.1643 - learning_rate: 0.0010
Epoch 67/150
35/35 - 2s - 62ms/step - accuracy: 0.9290 - loss: 0.2131 - val_accuracy: 0.9661 - val_loss: 0.1772 - learning_rate: 0.0010
Epoch 68/150
35/35 - 2s - 62ms/step - accuracy: 0.9250 - loss: 0.2107 - val_accuracy: 0.9554 - val_loss: 0.1867 - learning_rate: 0.0010
Epoch 69/150
35/35 - 2s - 59ms/step - accuracy: 0.9259 - loss: 0.2124 - val_accuracy: 0.9643 - val_loss: 0.1705 - learning_rate: 0.0010
Epoch 70/150
35/35 - 2s - 61ms/step - accuracy: 0.9384 - loss: 0.2050 - val_accuracy: 0.9643 - val_loss: 0.1671 - learning_rate: 0.0010
Epoch 71/150
35/35 - 2s - 55ms/step - accuracy: 0.9232 - loss: 0.2159 - val_accuracy: 0.9125 - val_loss: 0.2082 - learning_rate: 0.0010
Epoch 72/150
35/35 - 2s - 55ms/step - accuracy: 0.9277 - loss: 0.2123 - val_accuracy: 0.9661 - val_loss: 0.1751 - learning_rate: 0.0010
Epoch 73/150
35/35 - 2s - 54ms/step - accuracy: 0.9281 - loss: 0.2039 - val_accuracy: 0.9625 - val_loss: 0.1599 - learning_rate: 0.0010
Epoch 74/150
35/35 - 2s - 53ms/step - accuracy: 0.9241 - loss: 0.2118 - val_accuracy: 0.9643 - val_loss: 0.1668 - learning_rate: 0.0010
Epoch 75/150
35/35 - 2s - 52ms/step - accuracy: 0.9277 - loss: 0.2021 - val_accuracy: 0.9518 - val_loss: 0.1591 - learning_rate: 0.0010
Epoch 76/150
35/35 - 2s - 54ms/step - accuracy: 0.9268 - loss: 0.1999 - val_accuracy: 0.9661 - val_loss: 0.1564 - learning_rate: 0.0010
Epoch 77/150
35/35 - 2s - 52ms/step - accuracy: 0.9299 - loss: 0.2005 - val_accuracy: 0.9482 - val_loss: 0.1831 - learning_rate: 0.0010
Epoch 78/150
35/35 - 2s - 54ms/step - accuracy: 0.9286 - loss: 0.2021 - val_accuracy: 0.9536 - val_loss: 0.1695 - learning_rate: 0.0010
Epoch 79/150
35/35 - 2s - 55ms/step - accuracy: 0.9330 - loss: 0.1998 - val_accuracy: 0.9571 - val_loss: 0.1445 - learning_rate: 0.0010
Epoch 80/150
35/35 - 2s - 52ms/step - accuracy: 0.9321 - loss: 0.1916 - val_accuracy: 0.9643 - val_loss: 0.1521 - learning_rate: 0.0010
Epoch 81/150
35/35 - 2s - 54ms/step - accuracy: 0.9241 - loss: 0.2080 - val_accuracy: 0.9607 - val_loss: 0.1575 - learning_rate: 0.0010
Epoch 82/150
35/35 - 2s - 53ms/step - accuracy: 0.9348 - loss: 0.1934 - val_accuracy: 0.9625 - val_loss: 0.1483 - learning_rate: 0.0010
Epoch 83/150
35/35 - 2s - 52ms/step - accuracy: 0.9259 - loss: 0.1992 - val_accuracy: 0.9607 - val_loss: 0.1491 - learning_rate: 0.0010
Epoch 84/150
35/35 - 2s - 56ms/step - accuracy: 0.9326 - loss: 0.1928 - val_accuracy: 0.9696 - val_loss: 0.1540 - learning_rate: 0.0010
Epoch 85/150
35/35 - 2s - 53ms/step - accuracy: 0.9183 - loss: 0.2050 - val_accuracy: 0.9589 - val_loss: 0.1428 - learning_rate: 0.0010
Epoch 86/150
35/35 - 2s - 51ms/step - accuracy: 0.9192 - loss: 0.2117 - val_accuracy: 0.9536 - val_loss: 0.1380 - learning_rate: 0.0010
Epoch 87/150
35/35 - 2s - 51ms/step - accuracy: 0.9228 - loss: 0.2003 - val_accuracy: 0.9679 - val_loss: 0.1454 - learning_rate: 0.0010
Epoch 88/150
35/35 - 2s - 54ms/step - accuracy: 0.9290 - loss: 0.1942 - val_accuracy: 0.9679 - val_loss: 0.1462 - learning_rate: 0.0010
Epoch 89/150
35/35 - 2s - 52ms/step - accuracy: 0.9330 - loss: 0.1926 - val_accuracy: 0.9643 - val_loss: 0.1562 - learning_rate: 0.0010
Epoch 90/150
35/35 - 2s - 53ms/step - accuracy: 0.9263 - loss: 0.1953 - val_accuracy: 0.9732 - val_loss: 0.1444 - learning_rate: 0.0010
Epoch 91/150
35/35 - 2s - 61ms/step - accuracy: 0.9246 - loss: 0.1945 - val_accuracy: 0.9589 - val_loss: 0.1622 - learning_rate: 0.0010
Epoch 92/150
35/35 - 2s - 71ms/step - accuracy: 0.9348 - loss: 0.1910 - val_accuracy: 0.9679 - val_loss: 0.1540 - learning_rate: 0.0010
Epoch 93/150
35/35 - 3s - 75ms/step - accuracy: 0.9312 - loss: 0.1876 - val_accuracy: 0.9607 - val_loss: 0.1358 - learning_rate: 0.0010
Epoch 94/150
35/35 - 2s - 64ms/step - accuracy: 0.9281 - loss: 0.1937 - val_accuracy: 0.9500 - val_loss: 0.1614 - learning_rate: 0.0010
Epoch 95/150
35/35 - 2s - 71ms/step - accuracy: 0.9321 - loss: 0.1873 - val_accuracy: 0.9518 - val_loss: 0.1618 - learning_rate: 0.0010
Epoch 96/150
35/35 - 2s - 66ms/step - accuracy: 0.9286 - loss: 0.1896 - val_accuracy: 0.9696 - val_loss: 0.1439 - learning_rate: 0.0010
Epoch 97/150
35/35 - 2s - 56ms/step - accuracy: 0.9321 - loss: 0.1886 - val_accuracy: 0.9732 - val_loss: 0.1352 - learning_rate: 0.0010
Epoch 98/150
35/35 - 2s - 60ms/step - accuracy: 0.9366 - loss: 0.1781 - val_accuracy: 0.9589 - val_loss: 0.1489 - learning_rate: 0.0010
Epoch 99/150
35/35 - 2s - 57ms/step - accuracy: 0.9330 - loss: 0.1807 - val_accuracy: 0.9643 - val_loss: 0.1558 - learning_rate: 0.0010
Epoch 100/150
35/35 - 2s - 55ms/step - accuracy: 0.9317 - loss: 0.1848 - val_accuracy: 0.9625 - val_loss: 0.1369 - learning_rate: 0.0010
Epoch 101/150
35/35 - 3s - 79ms/step - accuracy: 0.9330 - loss: 0.1850 - val_accuracy: 0.9625 - val_loss: 0.1330 - learning_rate: 0.0010
Epoch 102/150
35/35 - 2s - 62ms/step - accuracy: 0.9299 - loss: 0.1833 - val_accuracy: 0.9661 - val_loss: 0.1385 - learning_rate: 0.0010
Epoch 103/150
35/35 - 2s - 63ms/step - accuracy: 0.9254 - loss: 0.1925 - val_accuracy: 0.9661 - val_loss: 0.1439 - learning_rate: 0.0010
Epoch 104/150
35/35 - 2s - 60ms/step - accuracy: 0.9330 - loss: 0.1818 - val_accuracy: 0.9607 - val_loss: 0.1330 - learning_rate: 0.0010
Epoch 105/150
35/35 - 2s - 58ms/step - accuracy: 0.9415 - loss: 0.1750 - val_accuracy: 0.9732 - val_loss: 0.1294 - learning_rate: 0.0010
Epoch 106/150
35/35 - 2s - 55ms/step - accuracy: 0.9326 - loss: 0.1850 - val_accuracy: 0.9714 - val_loss: 0.1256 - learning_rate: 0.0010
Epoch 107/150
35/35 - 2s - 56ms/step - accuracy: 0.9339 - loss: 0.1777 - val_accuracy: 0.9625 - val_loss: 0.1259 - learning_rate: 0.0010
Epoch 108/150
35/35 - 2s - 55ms/step - accuracy: 0.9420 - loss: 0.1712 - val_accuracy: 0.9732 - val_loss: 0.1235 - learning_rate: 0.0010
Epoch 109/150
35/35 - 2s - 55ms/step - accuracy: 0.9353 - loss: 0.1788 - val_accuracy: 0.9679 - val_loss: 0.1314 - learning_rate: 0.0010
Epoch 110/150
35/35 - 2s - 56ms/step - accuracy: 0.9424 - loss: 0.1727 - val_accuracy: 0.9696 - val_loss: 0.1382 - learning_rate: 0.0010
Epoch 111/150
35/35 - 2s - 54ms/step - accuracy: 0.9411 - loss: 0.1703 - val_accuracy: 0.9714 - val_loss: 0.1261 - learning_rate: 0.0010
Epoch 112/150
35/35 - 2s - 54ms/step - accuracy: 0.9335 - loss: 0.1853 - val_accuracy: 0.9696 - val_loss: 0.1319 - learning_rate: 0.0010
Epoch 113/150
35/35 - 2s - 58ms/step - accuracy: 0.9379 - loss: 0.1787 - val_accuracy: 0.9750 - val_loss: 0.1209 - learning_rate: 0.0010
Epoch 114/150
35/35 - 2s - 53ms/step - accuracy: 0.9286 - loss: 0.1845 - val_accuracy: 0.9661 - val_loss: 0.1292 - learning_rate: 0.0010
Epoch 115/150
35/35 - 2s - 54ms/step - accuracy: 0.9259 - loss: 0.1905 - val_accuracy: 0.9732 - val_loss: 0.1282 - learning_rate: 0.0010
Epoch 116/150
35/35 - 2s - 54ms/step - accuracy: 0.9339 - loss: 0.1757 - val_accuracy: 0.9732 - val_loss: 0.1271 - learning_rate: 0.0010
Epoch 117/150
35/35 - 2s - 54ms/step - accuracy: 0.9339 - loss: 0.1816 - val_accuracy: 0.9696 - val_loss: 0.1268 - learning_rate: 0.0010
Epoch 118/150
35/35 - 2s - 55ms/step - accuracy: 0.9371 - loss: 0.1688 - val_accuracy: 0.9732 - val_loss: 0.1282 - learning_rate: 0.0010
Epoch 119/150
35/35 - 2s - 55ms/step - accuracy: 0.9295 - loss: 0.1820 - val_accuracy: 0.9768 - val_loss: 0.1188 - learning_rate: 0.0010
Epoch 120/150
35/35 - 2s - 53ms/step - accuracy: 0.9402 - loss: 0.1654 - val_accuracy: 0.9571 - val_loss: 0.1181 - learning_rate: 0.0010
Epoch 121/150
35/35 - 2s - 55ms/step - accuracy: 0.9348 - loss: 0.1736 - val_accuracy: 0.9714 - val_loss: 0.1255 - learning_rate: 0.0010
Epoch 122/150
35/35 - 2s - 53ms/step - accuracy: 0.9353 - loss: 0.1736 - val_accuracy: 0.9679 - val_loss: 0.1204 - learning_rate: 0.0010
Epoch 123/150
35/35 - 2s - 55ms/step - accuracy: 0.9321 - loss: 0.1757 - val_accuracy: 0.9607 - val_loss: 0.1253 - learning_rate: 0.0010
Epoch 124/150
35/35 - 2s - 56ms/step - accuracy: 0.9339 - loss: 0.1803 - val_accuracy: 0.9696 - val_loss: 0.1183 - learning_rate: 0.0010
Epoch 125/150
35/35 - 2s - 57ms/step - accuracy: 0.9357 - loss: 0.1742 - val_accuracy: 0.9714 - val_loss: 0.1357 - learning_rate: 0.0010
Epoch 126/150
35/35 - 2s - 55ms/step - accuracy: 0.9295 - loss: 0.1774 - val_accuracy: 0.9732 - val_loss: 0.1189 - learning_rate: 0.0010
Epoch 127/150
35/35 - 2s - 53ms/step - accuracy: 0.9429 - loss: 0.1646 - val_accuracy: 0.9625 - val_loss: 0.1268 - learning_rate: 0.0010
Epoch 128/150
35/35 - 2s - 58ms/step - accuracy: 0.9393 - loss: 0.1682 - val_accuracy: 0.9750 - val_loss: 0.1241 - learning_rate: 0.0010
Epoch 129/150
35/35 - 2s - 54ms/step - accuracy: 0.9397 - loss: 0.1648 - val_accuracy: 0.9696 - val_loss: 0.1288 - learning_rate: 0.0010
Epoch 130/150
35/35 - 2s - 58ms/step - accuracy: 0.9433 - loss: 0.1685 - val_accuracy: 0.9625 - val_loss: 0.1167 - learning_rate: 0.0010
Epoch 131/150
35/35 - 2s - 71ms/step - accuracy: 0.9460 - loss: 0.1576 - val_accuracy: 0.9625 - val_loss: 0.1153 - learning_rate: 0.0010
Epoch 132/150
35/35 - 2s - 66ms/step - accuracy: 0.9371 - loss: 0.1672 - val_accuracy: 0.9625 - val_loss: 0.1120 - learning_rate: 0.0010
Epoch 133/150
35/35 - 2s - 66ms/step - accuracy: 0.9348 - loss: 0.1691 - val_accuracy: 0.9679 - val_loss: 0.1145 - learning_rate: 0.0010
Epoch 134/150
35/35 - 2s - 67ms/step - accuracy: 0.9496 - loss: 0.1525 - val_accuracy: 0.9643 - val_loss: 0.1159 - learning_rate: 0.0010
Epoch 135/150
35/35 - 3s - 75ms/step - accuracy: 0.9433 - loss: 0.1603 - val_accuracy: 0.9750 - val_loss: 0.1249 - learning_rate: 0.0010
Epoch 136/150
35/35 - 2s - 69ms/step - accuracy: 0.9406 - loss: 0.1642 - val_accuracy: 0.9732 - val_loss: 0.1157 - learning_rate: 0.0010
Epoch 137/150
35/35 - 2s - 70ms/step - accuracy: 0.9371 - loss: 0.1707 - val_accuracy: 0.9643 - val_loss: 0.1162 - learning_rate: 0.0010
Epoch 138/150
35/35 - 3s - 74ms/step - accuracy: 0.9384 - loss: 0.1646 - val_accuracy: 0.9786 - val_loss: 0.1084 - learning_rate: 0.0010
Epoch 139/150
35/35 - 2s - 71ms/step - accuracy: 0.9339 - loss: 0.1743 - val_accuracy: 0.9750 - val_loss: 0.1208 - learning_rate: 0.0010
Epoch 140/150
35/35 - 2s - 68ms/step - accuracy: 0.9384 - loss: 0.1610 - val_accuracy: 0.9732 - val_loss: 0.1130 - learning_rate: 0.0010
Epoch 141/150
35/35 - 2s - 66ms/step - accuracy: 0.9371 - loss: 0.1659 - val_accuracy: 0.9768 - val_loss: 0.1179 - learning_rate: 0.0010
Epoch 142/150
35/35 - 2s - 62ms/step - accuracy: 0.9446 - loss: 0.1574 - val_accuracy: 0.9714 - val_loss: 0.1098 - learning_rate: 0.0010
Epoch 143/150
35/35 - 2s - 68ms/step - accuracy: 0.9388 - loss: 0.1608 - val_accuracy: 0.9696 - val_loss: 0.1056 - learning_rate: 0.0010
Epoch 144/150
35/35 - 2s - 61ms/step - accuracy: 0.9411 - loss: 0.1622 - val_accuracy: 0.9732 - val_loss: 0.1110 - learning_rate: 0.0010
Epoch 145/150
35/35 - 2s - 62ms/step - accuracy: 0.9473 - loss: 0.1578 - val_accuracy: 0.9696 - val_loss: 0.1054 - learning_rate: 0.0010
Epoch 146/150
35/35 - 2s - 64ms/step - accuracy: 0.9366 - loss: 0.1591 - val_accuracy: 0.9696 - val_loss: 0.1016 - learning_rate: 0.0010
Epoch 147/150
35/35 - 2s - 60ms/step - accuracy: 0.9375 - loss: 0.1679 - val_accuracy: 0.9661 - val_loss: 0.1056 - learning_rate: 0.0010
Epoch 148/150
35/35 - 2s - 64ms/step - accuracy: 0.9460 - loss: 0.1540 - val_accuracy: 0.9768 - val_loss: 0.1079 - learning_rate: 0.0010
Epoch 149/150
35/35 - 2s - 62ms/step - accuracy: 0.9473 - loss: 0.1529 - val_accuracy: 0.9714 - val_loss: 0.1107 - learning_rate: 0.0010
Epoch 150/150
35/35 - 2s - 67ms/step - accuracy: 0.9446 - loss: 0.1523 - val_accuracy: 0.9750 - val_loss: 0.1101 - learning_rate: 0.0010

--- 3class/EEGNet test results ---
              precision    recall  f1-score   support

     Healthy     0.9488    0.9929    0.9703       280
  Interictal     0.9606    0.9571    0.9589       280
       Ictal     0.9688    0.8857    0.9254       140

    accuracy                         0.9571       700
   macro avg     0.9594    0.9452    0.9515       700
weighted avg     0.9575    0.9571    0.9567       700

Confusion matrix (rows=true, cols=pred):
[[278   2   0]
 [  8 268   4]
 [  7   9 124]]
Accuracy=0.9571  kappa=0.9327  macroAUC=0.9929
Seizure sensitivity=0.8857  specificity=0.9929  (trained in 5.1 min)

==================================================================================
OVERALL SUMMARY
==================================================================================
Scheme   Model          Acc   Kappa     AUC  Sz-Sens  Sz-Spec   Params  Train(m)
binary   ATCNet      0.9700  0.9080  0.9946   0.9500   0.9750   114170       5.0
binary   EEGNet      0.9671  0.8997  0.9933   0.9500   0.9714     1714       4.7
3class   ATCNet      0.9529  0.9262  0.9934   0.9071   0.9857   114335      12.0
3class   EEGNet      0.9571  0.9327  0.9929   0.8857   0.9929     1971       5.1

Saved results table -> C:\EEG-ATCNet-main\results_seizure\results_summary.csv
Saved figures -> C:\EEG-ATCNet-main\results_seizure/<scheme>/<model>_{learning,confusion,roc}.png
